<?xml version="1.0" encoding="UTF-8"?>
<!-- Generated by org.testng.reporters.JUnitReportReporter -->
<testsuite hostname="DESKTOP-H3UQ7ED" failures="0" tests="11" name="tests.TC02_SignUpFunctionality" time="296.728" errors="1" timestamp="2023-12-15T21:24:04 IST" skipped="1">
  <testcase classname="tests.TC02_SignUpFunctionality" name="SignUpTest" time="26.872"/>
  <testcase classname="tests.TC02_SignUpFunctionality" name="SignUpTest" time="29.262"/>
  <testcase classname="tests.TC02_SignUpFunctionality" name="SignUpTest" time="24.255">
    <error message="Keys to send should be a not null CharSequence" type="java.lang.IllegalArgumentException">
      <![CDATA[java.lang.IllegalArgumentException: Keys to send should be a not null CharSequence
at org.openqa.selenium.remote.RemoteWebElement.sendKeys(RemoteWebElement.java:97)
at java.base/jdk.internal.reflect.DirectMethodHandleAccessor.invoke(DirectMethodHandleAccessor.java:104)
at java.base/java.lang.reflect.Method.invoke(Method.java:578)
at org.openqa.selenium.support.pagefactory.internal.LocatingElementHandler.invoke(LocatingElementHandler.java:51)
at jdk.proxy2/jdk.proxy2.$Proxy20.sendKeys(Unknown Source)
at utils.UtilClass.sendKeys(UtilClass.java:85)
at pages.SignUpPage.firstName(SignUpPage.java:38)
at tests.TC02_SignUpFunctionality.SignUpTest(TC02_SignUpFunctionality.java:33)
at java.base/jdk.internal.reflect.DirectMethodHandleAccessor.invoke(DirectMethodHandleAccessor.java:104)
at java.base/java.lang.reflect.Method.invoke(Method.java:578)
at org.testng.internal.invokers.MethodInvocationHelper.invokeMethod(MethodInvocationHelper.java:139)
at org.testng.internal.invokers.TestInvoker.invokeMethod(TestInvoker.java:664)
at org.testng.internal.invokers.TestInvoker.invokeTestMethod(TestInvoker.java:227)
at org.testng.internal.invokers.MethodRunner.runInSequence(MethodRunner.java:50)
at org.testng.internal.invokers.TestInvoker$MethodInvocationAgent.invoke(TestInvoker.java:957)
at org.testng.internal.invokers.TestInvoker.invokeTestMethods(TestInvoker.java:200)
at org.testng.internal.invokers.TestMethodWorker.invokeTestMethods(TestMethodWorker.java:148)
at org.testng.internal.invokers.TestMethodWorker.run(TestMethodWorker.java:128)
at java.base/java.util.ArrayList.forEach(ArrayList.java:1511)
at org.testng.TestRunner.privateRun(TestRunner.java:848)
at org.testng.TestRunner.run(TestRunner.java:621)
at org.testng.SuiteRunner.runTest(SuiteRunner.java:443)
at org.testng.SuiteRunner.runSequentially(SuiteRunner.java:437)
at org.testng.SuiteRunner.privateRun(SuiteRunner.java:397)
at org.testng.SuiteRunner.run(SuiteRunner.java:336)
at org.testng.SuiteRunnerWorker.runSuite(SuiteRunnerWorker.java:52)
at org.testng.SuiteRunnerWorker.run(SuiteRunnerWorker.java:95)
at org.testng.TestNG.runSuitesSequentially(TestNG.java:1280)
at org.testng.TestNG.runSuitesLocally(TestNG.java:1200)
at org.testng.TestNG.runSuites(TestNG.java:1114)
at org.testng.TestNG.run(TestNG.java:1082)
at org.testng.remote.AbstractRemoteTestNG.run(AbstractRemoteTestNG.java:115)
at org.testng.remote.RemoteTestNG.initAndRun(RemoteTestNG.java:251)
at org.testng.remote.RemoteTestNG.main(RemoteTestNG.java:77)
]]>
    </error>
  </testcase> <!-- SignUpTest -->
  <testcase classname="tests.TC02_SignUpFunctionality" name="SignUpTest" time="27.448"/>
  <testcase classname="tests.TC02_SignUpFunctionality" name="SignUpTest" time="24.955"/>
  <testcase classname="tests.TC02_SignUpFunctionality" name="SignUpTest" time="27.388"/>
  <testcase classname="tests.TC02_SignUpFunctionality" name="SignUpTest" time="30.730"/>
  <testcase classname="tests.TC02_SignUpFunctionality" name="SignUpTest" time="42.792"/>
  <testcase classname="tests.TC02_SignUpFunctionality" name="SignUpTest" time="36.855"/>
  <testcase classname="tests.TC02_SignUpFunctionality" name="SignUpTest" time="26.171"/>
  <testcase classname="tests.TC02_SignUpFunctionality" name="SignUpNegativeTest">
    <skipped/>
  </testcase> <!-- SignUpNegativeTest -->
</testsuite> <!-- tests.TC02_SignUpFunctionality -->
