<?xml version="1.0" encoding="UTF-8"?>
<testng-results ignored="0" total="1" passed="0" failed="1" skipped="0">
  <reporter-output>
  </reporter-output>
  <suite started-at="2024-01-06T11:06:47 IST" name="Suite" finished-at="2024-01-06T11:07:18 IST" duration-ms="30650">
    <groups>
    </groups>
    <test started-at="2024-01-06T11:06:47 IST" name="ChromeTest" finished-at="2024-01-06T11:07:18 IST" duration-ms="30650">
      <class name="tests.TC04_ValidateTitle">
        <test-method is-config="true" signature="launchBrowser(java.lang.String)[pri:0, instance:tests.TC04_ValidateTitle@64b0598]" started-at="2024-01-06T11:06:47 IST" name="launchBrowser" finished-at="2024-01-06T11:06:52 IST" duration-ms="4524" status="PASS">
          <params>
            <param index="0">
              <value>
                <![CDATA[Chrome]]>
              </value>
            </param>
          </params>
          <reporter-output>
          </reporter-output>
        </test-method> <!-- launchBrowser -->
        <test-method signature="validatetitle()[pri:0, instance:tests.TC04_ValidateTitle@64b0598]" started-at="2024-01-06T11:06:52 IST" name="validatetitle" finished-at="2024-01-06T11:07:17 IST" duration-ms="25189" status="FAIL">
          <exception class="java.lang.AssertionError">
            <message>
              <![CDATA[expected [Yes, Best Buy Sells That - Best Buy] but found [Yes, Best Buy Sells That – Best Buy]]]>
            </message>
            <full-stacktrace>
              <![CDATA[java.lang.AssertionError: expected [Yes, Best Buy Sells That - Best Buy] but found [Yes, Best Buy Sells That – Best Buy]
at org.testng.Assert.fail(Assert.java:111)
at org.testng.Assert.failNotEquals(Assert.java:1578)
at org.testng.Assert.assertEqualsImpl(Assert.java:150)
at org.testng.Assert.assertEquals(Assert.java:132)
at org.testng.Assert.assertEquals(Assert.java:656)
at org.testng.Assert.assertEquals(Assert.java:666)
at utils.UtilClass.validateTitle(UtilClass.java:120)
at pages.ValidateTitlePage.clickyesBestBuySellsThat(ValidateTitlePage.java:102)
at tests.TC04_ValidateTitle.validatetitle(TC04_ValidateTitle.java:28)
at java.base/jdk.internal.reflect.DirectMethodHandleAccessor.invoke(DirectMethodHandleAccessor.java:104)
at java.base/java.lang.reflect.Method.invoke(Method.java:578)
at org.testng.internal.invokers.MethodInvocationHelper.invokeMethod(MethodInvocationHelper.java:139)
at org.testng.internal.invokers.TestInvoker.invokeMethod(TestInvoker.java:664)
at org.testng.internal.invokers.TestInvoker.invokeTestMethod(TestInvoker.java:227)
at org.testng.internal.invokers.MethodRunner.runInSequence(MethodRunner.java:50)
at org.testng.internal.invokers.TestInvoker$MethodInvocationAgent.invoke(TestInvoker.java:957)
at org.testng.internal.invokers.TestInvoker.invokeTestMethods(TestInvoker.java:200)
at org.testng.internal.invokers.TestMethodWorker.invokeTestMethods(TestMethodWorker.java:148)
at org.testng.internal.invokers.TestMethodWorker.run(TestMethodWorker.java:128)
at java.base/java.util.ArrayList.forEach(ArrayList.java:1511)
at org.testng.TestRunner.privateRun(TestRunner.java:848)
at org.testng.TestRunner.run(TestRunner.java:621)
at org.testng.SuiteRunner.runTest(SuiteRunner.java:443)
at org.testng.SuiteRunner$SuiteWorker.run(SuiteRunner.java:481)
at org.testng.internal.thread.ThreadUtil.lambda$execute$0(ThreadUtil.java:58)
at java.base/java.util.concurrent.FutureTask.run(FutureTask.java:317)
at java.base/java.util.concurrent.ThreadPoolExecutor.runWorker(ThreadPoolExecutor.java:1144)
at java.base/java.util.concurrent.ThreadPoolExecutor$Worker.run(ThreadPoolExecutor.java:642)
at java.base/java.lang.Thread.run(Thread.java:1623)
]]>
            </full-stacktrace>
          </exception> <!-- java.lang.AssertionError -->
          <reporter-output>
          </reporter-output>
        </test-method> <!-- validatetitle -->
        <test-method is-config="true" signature="closeBrowser()[pri:0, instance:tests.TC04_ValidateTitle@64b0598]" started-at="2024-01-06T11:07:18 IST" name="closeBrowser" finished-at="2024-01-06T11:07:18 IST" duration-ms="315" status="PASS">
          <reporter-output>
          </reporter-output>
        </test-method> <!-- closeBrowser -->
      </class> <!-- tests.TC04_ValidateTitle -->
    </test> <!-- ChromeTest -->
  </suite> <!-- Suite -->
</testng-results>
