<?xml version="1.0" encoding="UTF-8"?>
<!-- Generated by org.testng.reporters.JUnitXMLReporter -->
<testsuite ignored="0" hostname="DESKTOP-H3UQ7ED" failures="1" tests="1" name="Test1" time="62.906" errors="0" timestamp="2023-12-15T21:06:14 IST">
  <testcase classname="tests.TC06_AddingItemToCart" name="AddingItemToCart" time="57.585">
    <failure type="org.openqa.selenium.ElementClickInterceptedException" message="element click intercepted: Element &amp;lt;a aria-hidden=&amp;quot;true&amp;quot; tabindex=&amp;quot;-1&amp;quot; class=&amp;quot;image-link&amp;quot; href=&amp;quot;/site/samsung-32-class-n5300-series-led-full-hd-smart-tizen-tv/6202106.p?skuId=6202106&amp;quot;&amp;gt;...&amp;lt;/a&amp;gt; is not clickable at point (479, 49). Other element would receive the click: &amp;lt;input aria-label=&amp;quot;Type to search. Navigate forward to hear suggestions&amp;quot; autocomplete=&amp;quot;off&amp;quot; class=&amp;quot;search-input&amp;quot; id=&amp;quot;gh-search-input&amp;quot; maxlength=&amp;quot;90&amp;quot; name=&amp;quot;st&amp;quot; placeholder=&amp;quot;What can we help you find today?&amp;quot; type=&amp;quot;text&amp;quot; value=&amp;quot;&amp;quot; autocorrect=&amp;quot;off&amp;quot; autocapitolize=&amp;quot;off&amp;quot; spellcheck=&amp;quot;false&amp;quot; aria-controls=&amp;quot;suggestViewClientComponent&amp;quot;&amp;gt;
  (Session info: chrome=120.0.6099.72)
Build info: version: &amp;apos;4.11.0&amp;apos;, revision: &amp;apos;040bc5406b&amp;apos;
System info: os.name: &amp;apos;Windows 11&amp;apos;, os.arch: &amp;apos;amd64&amp;apos;, os.version: &amp;apos;10.0&amp;apos;, java.version: &amp;apos;20.0.1&amp;apos;
Driver info: org.openqa.selenium.chrome.ChromeDriver
Command: [035e6ea412ada139112260db86de701e, clickElement {id=6448E47A9CFBB7D9D93DBE1FDB45947A_element_591}]
Capabilities {acceptInsecureCerts: false, browserName: chrome, browserVersion: 120.0.6099.72, chrome: {chromedriverVersion: 120.0.6099.71 (9729082fe617..., userDataDir: C:\Users\KALPES~1\AppData\L...}, fedcm:accounts: true, goog:chromeOptions: {debuggerAddress: localhost:54418}, networkConnectionEnabled: false, pageLoadStrategy: normal, platformName: windows, proxy: Proxy(), se:cdp: ws://localhost:54418/devtoo..., se:cdpVersion: 120.0.6099.72, setWindowRect: true, strictFileInteractability: false, timeouts: {implicit: 0, pageLoad: 300000, script: 30000}, unhandledPromptBehavior: dismiss and notify, webauthn:extension:credBlob: true, webauthn:extension:largeBlob: true, webauthn:extension:minPinLength: true, webauthn:extension:prf: true, webauthn:virtualAuthenticators: true}
Element: [[ChromeDriver: chrome on windows (035e6ea412ada139112260db86de701e)] -&amp;gt; xpath: (//a[@href=&amp;apos;/site/samsung-32-class-n5300-series-led-full-hd-smart-tizen-tv/6202106.p?skuId=6202106&amp;apos;])[1]]
Session ID: 035e6ea412ada139112260db86de701e">
      <![CDATA[org.openqa.selenium.ElementClickInterceptedException: element click intercepted: Element <a aria-hidden="true" tabindex="-1" class="image-link" href="/site/samsung-32-class-n5300-series-led-full-hd-smart-tizen-tv/6202106.p?skuId=6202106">...</a> is not clickable at point (479, 49). Other element would receive the click: <input aria-label="Type to search. Navigate forward to hear suggestions" autocomplete="off" class="search-input" id="gh-search-input" maxlength="90" name="st" placeholder="What can we help you find today?" type="text" value="" autocorrect="off" autocapitolize="off" spellcheck="false" aria-controls="suggestViewClientComponent">
  (Session info: chrome=120.0.6099.72)
Build info: version: '4.11.0', revision: '040bc5406b'
System info: os.name: 'Windows 11', os.arch: 'amd64', os.version: '10.0', java.version: '20.0.1'
Driver info: org.openqa.selenium.chrome.ChromeDriver
Command: [035e6ea412ada139112260db86de701e, clickElement {id=6448E47A9CFBB7D9D93DBE1FDB45947A_element_591}]
Capabilities {acceptInsecureCerts: false, browserName: chrome, browserVersion: 120.0.6099.72, chrome: {chromedriverVersion: 120.0.6099.71 (9729082fe617..., userDataDir: C:\Users\KALPES~1\AppData\L...}, fedcm:accounts: true, goog:chromeOptions: {debuggerAddress: localhost:54418}, networkConnectionEnabled: false, pageLoadStrategy: normal, platformName: windows, proxy: Proxy(), se:cdp: ws://localhost:54418/devtoo..., se:cdpVersion: 120.0.6099.72, setWindowRect: true, strictFileInteractability: false, timeouts: {implicit: 0, pageLoad: 300000, script: 30000}, unhandledPromptBehavior: dismiss and notify, webauthn:extension:credBlob: true, webauthn:extension:largeBlob: true, webauthn:extension:minPinLength: true, webauthn:extension:prf: true, webauthn:virtualAuthenticators: true}
Element: [[ChromeDriver: chrome on windows (035e6ea412ada139112260db86de701e)] -> xpath: (//a[@href='/site/samsung-32-class-n5300-series-led-full-hd-smart-tizen-tv/6202106.p?skuId=6202106'])[1]]
Session ID: 035e6ea412ada139112260db86de701e
at org.openqa.selenium.remote.codec.w3c.W3CHttpResponseCodec.createException(W3CHttpResponseCodec.java:200)
at org.openqa.selenium.remote.codec.w3c.W3CHttpResponseCodec.decode(W3CHttpResponseCodec.java:133)
at org.openqa.selenium.remote.codec.w3c.W3CHttpResponseCodec.decode(W3CHttpResponseCodec.java:52)
at org.openqa.selenium.remote.HttpCommandExecutor.execute(HttpCommandExecutor.java:191)
at org.openqa.selenium.remote.service.DriverCommandExecutor.invokeExecute(DriverCommandExecutor.java:196)
at org.openqa.selenium.remote.service.DriverCommandExecutor.execute(DriverCommandExecutor.java:171)
at org.openqa.selenium.remote.RemoteWebDriver.execute(RemoteWebDriver.java:518)
at org.openqa.selenium.remote.RemoteWebElement.execute(RemoteWebElement.java:224)
at org.openqa.selenium.remote.RemoteWebElement.click(RemoteWebElement.java:77)
at org.openqa.selenium.support.pagefactory.internal.LocatingElementHandler.invoke(LocatingElementHandler.java:51)
at jdk.proxy2/jdk.proxy2.$Proxy20.click(Unknown Source)
at utils.UtilClass.click(UtilClass.java:80)
at pages.AddingItemToCartPage.product3(AddingItemToCartPage.java:175)
at tests.TC06_AddingItemToCart.AddingItemToCart(TC06_AddingItemToCart.java:58)
at java.base/java.util.ArrayList.forEach(ArrayList.java:1511)
... Removed 30 stack frames]]>
    </failure>
  </testcase> <!-- AddingItemToCart -->
</testsuite> <!-- Test1 -->
